<?xml version="1.0" encoding="utf-8"?><testsuites><testsuite name="pytest" errors="0" failures="1" skipped="4" tests="6" time="0.545" timestamp="2024-11-27T15:31:56.716776+01:00" hostname="OLI-OMEN"><testcase classname="bumpversion" name="FLAKE8" time="0.000"><skipped type="pytest.skip" message="file(s) previously passed FLAKE8 checks">/media/olivier/ssd1T/dev/kairntech/pyconverters_xcago/.tox/report/lib/python3.8/site-packages/pytest_flake8.py:124: file(s) previously passed FLAKE8 checks</skipped></testcase><testcase classname="src.pyconverters_xcago.__init__" name="FLAKE8" time="0.001"><skipped type="pytest.skip" message="file(s) previously passed FLAKE8 checks">/media/olivier/ssd1T/dev/kairntech/pyconverters_xcago/.tox/report/lib/python3.8/site-packages/pytest_flake8.py:124: file(s) previously passed FLAKE8 checks</skipped></testcase><testcase classname="src.pyconverters_xcago.xcago" name="FLAKE8" time="0.000"><skipped type="pytest.skip" message="file(s) previously passed FLAKE8 checks">/media/olivier/ssd1T/dev/kairntech/pyconverters_xcago/.tox/report/lib/python3.8/site-packages/pytest_flake8.py:124: file(s) previously passed FLAKE8 checks</skipped></testcase><testcase classname="tests.test_xcago" name="FLAKE8" time="0.051"><failure message="/media/olivier/ssd1T/dev/kairntech/pyconverters_xcago/tests/test_xcago.py:29:1: E302 expected 2 blank lines, found 1&#10;">/media/olivier/ssd1T/dev/kairntech/pyconverters_xcago/tests/test_xcago.py:29:1: E302 expected 2 blank lines, found 1
</failure></testcase><testcase classname="tests.test_xcago" name="test_xcago_json" time="0.070" /><testcase classname="tests.test_xcago" name="test_xcago_corpus" time="0.000"><skipped type="pytest.skip" message="Not a test">/media/olivier/ssd1T/dev/kairntech/pyconverters_xcago/tests/test_xcago.py:29: Not a test</skipped></testcase></testsuite></testsuites>