<?xml version="1.0" encoding="utf-8"?><testsuites><testsuite name="pytest" errors="0" failures="0" skipped="4" tests="6" time="0.465" timestamp="2024-11-27T15:32:29.621351+01:00" hostname="OLI-OMEN"><testcase classname="bumpversion" name="FLAKE8" time="0.000"><skipped type="pytest.skip" message="file(s) previously passed FLAKE8 checks">/media/olivier/ssd1T/dev/kairntech/pyconverters_xcago/.tox/clean/lib/python3.8/site-packages/pytest_flake8.py:124: file(s) previously passed FLAKE8 checks</skipped></testcase><testcase classname="src.pyconverters_xcago.__init__" name="FLAKE8" time="0.001"><skipped type="pytest.skip" message="file(s) previously passed FLAKE8 checks">/media/olivier/ssd1T/dev/kairntech/pyconverters_xcago/.tox/clean/lib/python3.8/site-packages/pytest_flake8.py:124: file(s) previously passed FLAKE8 checks</skipped></testcase><testcase classname="src.pyconverters_xcago.xcago" name="FLAKE8" time="0.000"><skipped type="pytest.skip" message="file(s) previously passed FLAKE8 checks">/media/olivier/ssd1T/dev/kairntech/pyconverters_xcago/.tox/clean/lib/python3.8/site-packages/pytest_flake8.py:124: file(s) previously passed FLAKE8 checks</skipped></testcase><testcase classname="tests.test_xcago" name="FLAKE8" time="0.051" /><testcase classname="tests.test_xcago" name="test_xcago_json" time="0.075" /><testcase classname="tests.test_xcago" name="test_xcago_corpus" time="0.000"><skipped type="pytest.skip" message="Not a test">/media/olivier/ssd1T/dev/kairntech/pyconverters_xcago/tests/test_xcago.py:30: Not a test</skipped></testcase></testsuite></testsuites>